[0.356s] DEBUG:colcon:Command line arguments: ['/usr/bin/colcon', 'list', '-p', '--base-paths', '/home/alexis/ros_ws/src/create3_sim']
[0.356s] DEBUG:colcon:Parsed command line arguments: Namespace(base_paths=['/home/alexis/ros_ws/src/create3_sim'], build_base='build', ignore_user_meta=False, log_base=None, log_level=None, main=<bound method ListVerb.main of <colcon_package_information.verb.list.ListVerb object at 0x7f363e7e55b0>>, metas=['./colcon.meta'], names_only=False, packages_above=None, packages_above_and_dependencies=None, packages_above_depth=None, packages_end=None, packages_ignore=None, packages_ignore_regex=None, packages_select=None, packages_select_build_failed=False, packages_select_by_dep=None, packages_select_regex=None, packages_select_test_failures=False, packages_skip=None, packages_skip_build_finished=False, packages_skip_by_dep=None, packages_skip_regex=None, packages_skip_test_passed=False, packages_skip_up_to=None, packages_start=None, packages_up_to=None, packages_up_to_regex=None, paths=None, paths_only=True, topological_graph=False, topological_graph_density=False, topological_graph_dot=False, topological_graph_dot_cluster=False, topological_graph_dot_include_skipped=False, topological_graph_legend=False, topological_order=False, verb_extension=<colcon_package_information.verb.list.ListVerb object at 0x7f363e7e55b0>, verb_name='list', verb_parser=<colcon_defaults.argument_parser.defaults.DefaultArgumentsDecorator object at 0x7f363e75ae20>)
[0.398s] Level 1:colcon.colcon_core.package_discovery:discover_packages(colcon_meta) check parameters
[0.398s] Level 1:colcon.colcon_core.package_discovery:discover_packages(recursive) check parameters
[0.398s] Level 1:colcon.colcon_core.package_discovery:discover_packages(ignore) check parameters
[0.398s] Level 1:colcon.colcon_core.package_discovery:discover_packages(path) check parameters
[0.398s] Level 1:colcon.colcon_core.package_discovery:discover_packages(recursive) discover
[0.399s] INFO:colcon.colcon_core.package_discovery:Crawling recursively for packages in '/home/alexis/ros_ws/src/create3_sim'
[0.399s] Level 1:colcon.colcon_core.package_identification:_identify(/home/alexis/ros_ws/src/create3_sim) by extensions ['ignore', 'ignore_ament_install']
[0.399s] Level 1:colcon.colcon_core.package_identification:_identify(/home/alexis/ros_ws/src/create3_sim) by extension 'ignore'
[0.399s] Level 1:colcon.colcon_core.package_identification:_identify(/home/alexis/ros_ws/src/create3_sim) by extension 'ignore_ament_install'
[0.400s] Level 1:colcon.colcon_core.package_identification:_identify(/home/alexis/ros_ws/src/create3_sim) by extensions ['colcon_pkg']
[0.400s] Level 1:colcon.colcon_core.package_identification:_identify(/home/alexis/ros_ws/src/create3_sim) by extension 'colcon_pkg'
[0.400s] Level 1:colcon.colcon_core.package_identification:_identify(/home/alexis/ros_ws/src/create3_sim) by extensions ['colcon_meta']
[0.400s] Level 1:colcon.colcon_core.package_identification:_identify(/home/alexis/ros_ws/src/create3_sim) by extension 'colcon_meta'
[0.400s] Level 1:colcon.colcon_core.package_identification:_identify(/home/alexis/ros_ws/src/create3_sim) by extensions ['ros']
[0.400s] Level 1:colcon.colcon_core.package_identification:_identify(/home/alexis/ros_ws/src/create3_sim) by extension 'ros'
[0.418s] Level 1:colcon.colcon_core.package_identification:_identify(/home/alexis/ros_ws/src/create3_sim) by extensions ['cmake', 'python']
[0.418s] Level 1:colcon.colcon_core.package_identification:_identify(/home/alexis/ros_ws/src/create3_sim) by extension 'cmake'
[0.418s] Level 1:colcon.colcon_core.package_identification:_identify(/home/alexis/ros_ws/src/create3_sim) by extension 'python'
[0.418s] Level 1:colcon.colcon_core.package_identification:_identify(/home/alexis/ros_ws/src/create3_sim) by extensions ['python_setup_py']
[0.418s] Level 1:colcon.colcon_core.package_identification:_identify(/home/alexis/ros_ws/src/create3_sim) by extension 'python_setup_py'
[0.418s] Level 1:colcon.colcon_core.package_identification:_identify(/home/alexis/ros_ws/src/create3_sim/irobot_create_control) by extensions ['ignore', 'ignore_ament_install']
[0.419s] Level 1:colcon.colcon_core.package_identification:_identify(/home/alexis/ros_ws/src/create3_sim/irobot_create_control) by extension 'ignore'
[0.419s] Level 1:colcon.colcon_core.package_identification:_identify(/home/alexis/ros_ws/src/create3_sim/irobot_create_control) by extension 'ignore_ament_install'
[0.419s] Level 1:colcon.colcon_core.package_identification:_identify(/home/alexis/ros_ws/src/create3_sim/irobot_create_control) by extensions ['colcon_pkg']
[0.419s] Level 1:colcon.colcon_core.package_identification:_identify(/home/alexis/ros_ws/src/create3_sim/irobot_create_control) by extension 'colcon_pkg'
[0.419s] Level 1:colcon.colcon_core.package_identification:_identify(/home/alexis/ros_ws/src/create3_sim/irobot_create_control) by extensions ['colcon_meta']
[0.419s] Level 1:colcon.colcon_core.package_identification:_identify(/home/alexis/ros_ws/src/create3_sim/irobot_create_control) by extension 'colcon_meta'
[0.419s] Level 1:colcon.colcon_core.package_identification:_identify(/home/alexis/ros_ws/src/create3_sim/irobot_create_control) by extensions ['ros']
[0.419s] Level 1:colcon.colcon_core.package_identification:_identify(/home/alexis/ros_ws/src/create3_sim/irobot_create_control) by extension 'ros'
[0.423s] DEBUG:colcon.colcon_core.package_identification:Package '/home/alexis/ros_ws/src/create3_sim/irobot_create_control' with type 'ros.ament_cmake' and name 'irobot_create_control'
[0.423s] Level 1:colcon.colcon_core.package_identification:_identify(/home/alexis/ros_ws/src/create3_sim/irobot_create_description) by extensions ['ignore', 'ignore_ament_install']
[0.423s] Level 1:colcon.colcon_core.package_identification:_identify(/home/alexis/ros_ws/src/create3_sim/irobot_create_description) by extension 'ignore'
[0.423s] Level 1:colcon.colcon_core.package_identification:_identify(/home/alexis/ros_ws/src/create3_sim/irobot_create_description) by extension 'ignore_ament_install'
[0.423s] Level 1:colcon.colcon_core.package_identification:_identify(/home/alexis/ros_ws/src/create3_sim/irobot_create_description) by extensions ['colcon_pkg']
[0.424s] Level 1:colcon.colcon_core.package_identification:_identify(/home/alexis/ros_ws/src/create3_sim/irobot_create_description) by extension 'colcon_pkg'
[0.424s] Level 1:colcon.colcon_core.package_identification:_identify(/home/alexis/ros_ws/src/create3_sim/irobot_create_description) by extensions ['colcon_meta']
[0.424s] Level 1:colcon.colcon_core.package_identification:_identify(/home/alexis/ros_ws/src/create3_sim/irobot_create_description) by extension 'colcon_meta'
[0.424s] Level 1:colcon.colcon_core.package_identification:_identify(/home/alexis/ros_ws/src/create3_sim/irobot_create_description) by extensions ['ros']
[0.424s] Level 1:colcon.colcon_core.package_identification:_identify(/home/alexis/ros_ws/src/create3_sim/irobot_create_description) by extension 'ros'
[0.425s] DEBUG:colcon.colcon_core.package_identification:Package '/home/alexis/ros_ws/src/create3_sim/irobot_create_description' with type 'ros.ament_cmake' and name 'irobot_create_description'
[0.425s] Level 1:colcon.colcon_core.package_identification:_identify(/home/alexis/ros_ws/src/create3_sim/irobot_create_gazebo) by extensions ['ignore', 'ignore_ament_install']
[0.425s] Level 1:colcon.colcon_core.package_identification:_identify(/home/alexis/ros_ws/src/create3_sim/irobot_create_gazebo) by extension 'ignore'
[0.425s] Level 1:colcon.colcon_core.package_identification:_identify(/home/alexis/ros_ws/src/create3_sim/irobot_create_gazebo) by extension 'ignore_ament_install'
[0.425s] Level 1:colcon.colcon_core.package_identification:_identify(/home/alexis/ros_ws/src/create3_sim/irobot_create_gazebo) by extensions ['colcon_pkg']
[0.425s] Level 1:colcon.colcon_core.package_identification:_identify(/home/alexis/ros_ws/src/create3_sim/irobot_create_gazebo) by extension 'colcon_pkg'
[0.426s] Level 1:colcon.colcon_core.package_identification:_identify(/home/alexis/ros_ws/src/create3_sim/irobot_create_gazebo) by extensions ['colcon_meta']
[0.426s] Level 1:colcon.colcon_core.package_identification:_identify(/home/alexis/ros_ws/src/create3_sim/irobot_create_gazebo) by extension 'colcon_meta'
[0.426s] Level 1:colcon.colcon_core.package_identification:_identify(/home/alexis/ros_ws/src/create3_sim/irobot_create_gazebo) by extensions ['ros']
[0.426s] Level 1:colcon.colcon_core.package_identification:_identify(/home/alexis/ros_ws/src/create3_sim/irobot_create_gazebo) by extension 'ros'
[0.427s] DEBUG:colcon.colcon_core.package_identification:Package '/home/alexis/ros_ws/src/create3_sim/irobot_create_gazebo' with type 'ros.ament_cmake' and name 'irobot_create_gazebo'
[0.427s] Level 1:colcon.colcon_core.package_identification:_identify(/home/alexis/ros_ws/src/create3_sim/irobot_create_gazebo_plugins) by extensions ['ignore', 'ignore_ament_install']
[0.428s] Level 1:colcon.colcon_core.package_identification:_identify(/home/alexis/ros_ws/src/create3_sim/irobot_create_gazebo_plugins) by extension 'ignore'
[0.428s] Level 1:colcon.colcon_core.package_identification:_identify(/home/alexis/ros_ws/src/create3_sim/irobot_create_gazebo_plugins) by extension 'ignore_ament_install'
[0.428s] Level 1:colcon.colcon_core.package_identification:_identify(/home/alexis/ros_ws/src/create3_sim/irobot_create_gazebo_plugins) by extensions ['colcon_pkg']
[0.428s] Level 1:colcon.colcon_core.package_identification:_identify(/home/alexis/ros_ws/src/create3_sim/irobot_create_gazebo_plugins) by extension 'colcon_pkg'
[0.428s] Level 1:colcon.colcon_core.package_identification:_identify(/home/alexis/ros_ws/src/create3_sim/irobot_create_gazebo_plugins) by extensions ['colcon_meta']
[0.428s] Level 1:colcon.colcon_core.package_identification:_identify(/home/alexis/ros_ws/src/create3_sim/irobot_create_gazebo_plugins) by extension 'colcon_meta'
[0.429s] Level 1:colcon.colcon_core.package_identification:_identify(/home/alexis/ros_ws/src/create3_sim/irobot_create_gazebo_plugins) by extensions ['ros']
[0.429s] Level 1:colcon.colcon_core.package_identification:_identify(/home/alexis/ros_ws/src/create3_sim/irobot_create_gazebo_plugins) by extension 'ros'
[0.429s] DEBUG:colcon.colcon_core.package_identification:Package '/home/alexis/ros_ws/src/create3_sim/irobot_create_gazebo_plugins' with type 'ros.ament_cmake' and name 'irobot_create_gazebo_plugins'
[0.430s] Level 1:colcon.colcon_core.package_identification:_identify(/home/alexis/ros_ws/src/create3_sim/irobot_create_msgs) by extensions ['ignore', 'ignore_ament_install']
[0.430s] Level 1:colcon.colcon_core.package_identification:_identify(/home/alexis/ros_ws/src/create3_sim/irobot_create_msgs) by extension 'ignore'
[0.430s] Level 1:colcon.colcon_core.package_identification:_identify(/home/alexis/ros_ws/src/create3_sim/irobot_create_msgs) by extension 'ignore_ament_install'
[0.430s] Level 1:colcon.colcon_core.package_identification:_identify(/home/alexis/ros_ws/src/create3_sim/irobot_create_msgs) by extensions ['colcon_pkg']
[0.430s] Level 1:colcon.colcon_core.package_identification:_identify(/home/alexis/ros_ws/src/create3_sim/irobot_create_msgs) by extension 'colcon_pkg'
[0.430s] Level 1:colcon.colcon_core.package_identification:_identify(/home/alexis/ros_ws/src/create3_sim/irobot_create_msgs) by extensions ['colcon_meta']
[0.430s] Level 1:colcon.colcon_core.package_identification:_identify(/home/alexis/ros_ws/src/create3_sim/irobot_create_msgs) by extension 'colcon_meta'
[0.430s] Level 1:colcon.colcon_core.package_identification:_identify(/home/alexis/ros_ws/src/create3_sim/irobot_create_msgs) by extensions ['ros']
[0.430s] Level 1:colcon.colcon_core.package_identification:_identify(/home/alexis/ros_ws/src/create3_sim/irobot_create_msgs) by extension 'ros'
[0.431s] DEBUG:colcon.colcon_core.package_identification:Package '/home/alexis/ros_ws/src/create3_sim/irobot_create_msgs' with type 'ros.ament_cmake' and name 'irobot_create_msgs'
[0.431s] Level 1:colcon.colcon_core.package_identification:_identify(/home/alexis/ros_ws/src/create3_sim/irobot_create_sim) by extensions ['ignore', 'ignore_ament_install']
[0.431s] Level 1:colcon.colcon_core.package_identification:_identify(/home/alexis/ros_ws/src/create3_sim/irobot_create_sim) by extension 'ignore'
[0.431s] Level 1:colcon.colcon_core.package_identification:_identify(/home/alexis/ros_ws/src/create3_sim/irobot_create_sim) by extension 'ignore_ament_install'
[0.431s] Level 1:colcon.colcon_core.package_identification:_identify(/home/alexis/ros_ws/src/create3_sim/irobot_create_sim) by extensions ['colcon_pkg']
[0.431s] Level 1:colcon.colcon_core.package_identification:_identify(/home/alexis/ros_ws/src/create3_sim/irobot_create_sim) by extension 'colcon_pkg'
[0.431s] Level 1:colcon.colcon_core.package_identification:_identify(/home/alexis/ros_ws/src/create3_sim/irobot_create_sim) by extensions ['colcon_meta']
[0.432s] Level 1:colcon.colcon_core.package_identification:_identify(/home/alexis/ros_ws/src/create3_sim/irobot_create_sim) by extension 'colcon_meta'
[0.432s] Level 1:colcon.colcon_core.package_identification:_identify(/home/alexis/ros_ws/src/create3_sim/irobot_create_sim) by extensions ['ros']
[0.432s] Level 1:colcon.colcon_core.package_identification:_identify(/home/alexis/ros_ws/src/create3_sim/irobot_create_sim) by extension 'ros'
[0.432s] DEBUG:colcon.colcon_core.package_identification:Package '/home/alexis/ros_ws/src/create3_sim/irobot_create_sim' with type 'ros.ament_cmake' and name 'irobot_create_sim'
[0.432s] Level 1:colcon.colcon_core.package_identification:_identify(/home/alexis/ros_ws/src/create3_sim/irobot_create_toolbox) by extensions ['ignore', 'ignore_ament_install']
[0.434s] Level 1:colcon.colcon_core.package_identification:_identify(/home/alexis/ros_ws/src/create3_sim/irobot_create_toolbox) by extension 'ignore'
[0.434s] Level 1:colcon.colcon_core.package_identification:_identify(/home/alexis/ros_ws/src/create3_sim/irobot_create_toolbox) by extension 'ignore_ament_install'
[0.434s] Level 1:colcon.colcon_core.package_identification:_identify(/home/alexis/ros_ws/src/create3_sim/irobot_create_toolbox) by extensions ['colcon_pkg']
[0.434s] Level 1:colcon.colcon_core.package_identification:_identify(/home/alexis/ros_ws/src/create3_sim/irobot_create_toolbox) by extension 'colcon_pkg'
[0.434s] Level 1:colcon.colcon_core.package_identification:_identify(/home/alexis/ros_ws/src/create3_sim/irobot_create_toolbox) by extensions ['colcon_meta']
[0.434s] Level 1:colcon.colcon_core.package_identification:_identify(/home/alexis/ros_ws/src/create3_sim/irobot_create_toolbox) by extension 'colcon_meta'
[0.434s] Level 1:colcon.colcon_core.package_identification:_identify(/home/alexis/ros_ws/src/create3_sim/irobot_create_toolbox) by extensions ['ros']
[0.434s] Level 1:colcon.colcon_core.package_identification:_identify(/home/alexis/ros_ws/src/create3_sim/irobot_create_toolbox) by extension 'ros'
[0.435s] DEBUG:colcon.colcon_core.package_identification:Package '/home/alexis/ros_ws/src/create3_sim/irobot_create_toolbox' with type 'ros.ament_python' and name 'irobot_create_toolbox'
[0.435s] Level 1:colcon.colcon_core.package_identification:_identify(/home/alexis/ros_ws/src/create3_sim/log) by extensions ['ignore', 'ignore_ament_install']
[0.435s] Level 1:colcon.colcon_core.package_identification:_identify(/home/alexis/ros_ws/src/create3_sim/log) by extension 'ignore'
[0.435s] Level 1:colcon.colcon_core.package_identification:_identify(/home/alexis/ros_ws/src/create3_sim/log) ignored
[0.435s] Level 1:colcon.colcon_core.package_discovery:discover_packages(recursive) using defaults
[0.457s] INFO:colcon.colcon_metadata.metadata.colcon_pkg:Updating descriptor of package '/home/alexis/ros_ws/src/create3_sim/irobot_create_gazebo' from colcon.pkg: {'dependencies': ['Gazebo']}
[0.458s] INFO:colcon.colcon_metadata.metadata.colcon_pkg:Updating descriptor of package '/home/alexis/ros_ws/src/create3_sim/irobot_create_gazebo_plugins' from colcon.pkg: {'dependencies': ['Gazebo']}
